<?xml version="1.0" encoding="UTF-8"?>
<!-- Generated by org.testng.reporters.JUnitXMLReporter -->
<testsuite hostname="LIE-CZ9NTC2" ignored="0" name="Default test" tests="4" failures="4" timestamp="21 May 2021 12:32:39 GMT" time="23.397" errors="0">
  <testcase name="runScenario" time="8.424" classname="io.cucumber.testng.AbstractTestNGCucumberTests">
    <failure type="java.lang.NullPointerException">
      <![CDATA[java.lang.NullPointerException
at Utils.ExtentReportListener.testStepHandle(ExtentReportListener.java:56)
at stepDefininitions.LoginSteps.customer_is_on_official_app_web(LoginSteps.java:103)
at ✽.Customer is on official app web(file:///C:/Users/kgajdosz/Documents/bench%20learning/BDD/Gherkin-Cucumber/BddFrameworkGherkin/FeatureFiles/LoginChrome.feature:7)
]]>
    </failure>
  </testcase> <!-- runScenario -->
  <testcase name="runScenario" time="4.485" classname="io.cucumber.testng.AbstractTestNGCucumberTests">
    <failure type="java.lang.NullPointerException">
      <![CDATA[java.lang.NullPointerException
at Utils.ExtentReportListener.testStepHandle(ExtentReportListener.java:56)
at stepDefininitions.LoginSteps.customer_is_on_official_app_web(LoginSteps.java:103)
at ✽.Customer is on official app web(file:///C:/Users/kgajdosz/Documents/bench%20learning/BDD/Gherkin-Cucumber/BddFrameworkGherkin/FeatureFiles/LoginChrome.feature:7)
]]>
    </failure>
  </testcase> <!-- runScenario -->
  <testcase name="runScenario" time="4.537" classname="io.cucumber.testng.AbstractTestNGCucumberTests">
    <failure type="java.lang.NullPointerException">
      <![CDATA[java.lang.NullPointerException
at Utils.ExtentReportListener.testStepHandle(ExtentReportListener.java:56)
at stepDefininitions.LoginSteps.customer_is_on_official_app_web(LoginSteps.java:103)
at ✽.Customer is on official app web(file:///C:/Users/kgajdosz/Documents/bench%20learning/BDD/Gherkin-Cucumber/BddFrameworkGherkin/FeatureFiles/LoginChrome.feature:7)
]]>
    </failure>
  </testcase> <!-- runScenario -->
  <testcase name="runScenario" time="4.278" classname="io.cucumber.testng.AbstractTestNGCucumberTests">
    <failure type="java.lang.NullPointerException">
      <![CDATA[java.lang.NullPointerException
at Utils.ExtentReportListener.testStepHandle(ExtentReportListener.java:56)
at stepDefininitions.LoginSteps.customer_is_on_official_app_web(LoginSteps.java:103)
at ✽.Customer is on official app web(file:///C:/Users/kgajdosz/Documents/bench%20learning/BDD/Gherkin-Cucumber/BddFrameworkGherkin/FeatureFiles/LoginChrome.feature:7)
]]>
    </failure>
  </testcase> <!-- runScenario -->
</testsuite> <!-- Default test -->
