<?xml version="1.0" encoding="UTF-8"?>
<!-- Generated by org.testng.reporters.JUnitXMLReporter -->
<testsuite hostname="LIE-CZ9NTC2" name="Default test" tests="1" failures="0" timestamp="30 Mar 2021 18:44:07 GMT" time="0.802" errors="0">
  <testcase name="@AfterClass tearDownClass" time="0.0" classname="TestRunners.LoginRunner2">
    <failure type="cucumber.runtime.CucumberException" message="java.io.IOException: Failed to create directory C:\Users\kgajdosz\Documents\bench learning\BDD\Gherkin-Cucumber\BddFrameworkGherkin\target\cucumber-html-report">
      <![CDATA[cucumber.runtime.CucumberException: java.io.IOException: Failed to create directory C:\Users\kgajdosz\Documents\bench learning\BDD\Gherkin-Cucumber\BddFrameworkGherkin\target\cucumber-html-report
	at cucumber.runtime.formatter.HTMLFormatter.reportFileOutputStream(HTMLFormatter.java:231)
	at cucumber.runtime.formatter.HTMLFormatter.jsOut(HTMLFormatter.java:219)
	at cucumber.runtime.formatter.HTMLFormatter.close(HTMLFormatter.java:114)
	at sun.reflect.NativeMethodAccessorImpl.invoke0(Native Method)
	at sun.reflect.NativeMethodAccessorImpl.invoke(Unknown Source)
	at sun.reflect.DelegatingMethodAccessorImpl.invoke(Unknown Source)
	at java.lang.reflect.Method.invoke(Unknown Source)
	at cucumber.runtime.Utils$1.call(Utils.java:37)
	at cucumber.runtime.Timeout.timeout(Timeout.java:13)
	at cucumber.runtime.Utils.invoke(Utils.java:31)
	at cucumber.runtime.RuntimeOptions$1.invoke(RuntimeOptions.java:290)
	at com.sun.proxy.$Proxy9.close(Unknown Source)
	at cucumber.api.testng.TestNGCucumberRunner.finish(TestNGCucumberRunner.java:77)
	at cucumber.api.testng.AbstractTestNGCucumberTests.tearDownClass(AbstractTestNGCucumberTests.java:34)
	at sun.reflect.NativeMethodAccessorImpl.invoke0(Native Method)
	at sun.reflect.NativeMethodAccessorImpl.invoke(Unknown Source)
	at sun.reflect.DelegatingMethodAccessorImpl.invoke(Unknown Source)
	at java.lang.reflect.Method.invoke(Unknown Source)
	at org.testng.internal.MethodInvocationHelper.invokeMethod(MethodInvocationHelper.java:85)
	at org.testng.internal.Invoker.invokeConfigurationMethod(Invoker.java:517)
	at org.testng.internal.Invoker.invokeConfigurations(Invoker.java:213)
	at org.testng.internal.Invoker.invokeConfigurations(Invoker.java:140)
	at org.testng.internal.TestMethodWorker.invokeAfterClassMethods(TestMethodWorker.java:220)
	at org.testng.internal.TestMethodWorker.run(TestMethodWorker.java:111)
	at org.testng.TestRunner.privateRun(TestRunner.java:771)
	at org.testng.TestRunner.run(TestRunner.java:621)
	at org.testng.SuiteRunner.runTest(SuiteRunner.java:357)
	at org.testng.SuiteRunner.runSequentially(SuiteRunner.java:352)
	at org.testng.SuiteRunner.privateRun(SuiteRunner.java:310)
	at org.testng.SuiteRunner.run(SuiteRunner.java:259)
	at org.testng.SuiteRunnerWorker.runSuite(SuiteRunnerWorker.java:52)
	at org.testng.SuiteRunnerWorker.run(SuiteRunnerWorker.java:86)
	at org.testng.TestNG.runSuitesSequentially(TestNG.java:1199)
	at org.testng.TestNG.runSuitesLocally(TestNG.java:1124)
	at org.testng.TestNG.run(TestNG.java:1032)
	at org.testng.remote.AbstractRemoteTestNG.run(AbstractRemoteTestNG.java:114)
	at org.testng.remote.RemoteTestNG.initAndRun(RemoteTestNG.java:251)
	at org.testng.remote.RemoteTestNG.main(RemoteTestNG.java:77)
Caused by: java.io.IOException: Failed to create directory C:\Users\kgajdosz\Documents\bench learning\BDD\Gherkin-Cucumber\BddFrameworkGherkin\target\cucumber-html-report
	at cucumber.runtime.io.URLOutputStream.ensureParentDirExists(URLOutputStream.java:53)
	at cucumber.runtime.io.URLOutputStream.<init>(URLOutputStream.java:33)
	at cucumber.runtime.io.URLOutputStream.<init>(URLOutputStream.java:24)
	at cucumber.runtime.formatter.HTMLFormatter.reportFileOutputStream(HTMLFormatter.java:229)
	... 37 more
]]>
    </failure>
  </testcase> <!-- @AfterClass tearDownClass -->
  <testcase name="feature" time="0.0" classname="TestRunners.LoginRunner2">
    <skipped/>
  </testcase> <!-- feature -->
</testsuite> <!-- Default test -->
