<?xml version="1.0" encoding="UTF-8"?>
<!-- Generated by org.testng.reporters.JUnitXMLReporter -->
<testsuite hostname="LIE-CZ9NTC2" ignored="0" name="Default test" tests="2" failures="2" timestamp="18 May 2021 15:18:42 GMT" time="37.038" errors="0">
  <testcase name="runScenario" time="17.619" classname="io.cucumber.testng.AbstractTestNGCucumberTests">
    <failure type="java.lang.NullPointerException">
      <![CDATA[java.lang.NullPointerException
at Utils.ExtentReportListener.testStepHandle(ExtentReportListener.java:56)
at stepDefininitions.LoginSteps.customer_enters_correct_admin222_and_pass1(LoginSteps.java:146)
at ✽.Customer enters correct admin222 and pass1(file:///C:/Users/kgajdosz/Documents/bench%20learning/BDD/Gherkin-Cucumber/BddFrameworkGherkin/FeatureFiles/LoginChrome.feature:13)
]]>
    </failure>
  </testcase> <!-- runScenario -->
  <testcase name="runScenario" time="15.078" classname="io.cucumber.testng.AbstractTestNGCucumberTests">
    <failure type="java.lang.NullPointerException">
      <![CDATA[java.lang.NullPointerException
at Utils.ExtentReportListener.testStepHandle(ExtentReportListener.java:56)
at stepDefininitions.LoginSteps.customer_enters_correct_admin222_and_pass1(LoginSteps.java:146)
at ✽.Customer enters correct mngr322726 and ratahYn(file:///C:/Users/kgajdosz/Documents/bench%20learning/BDD/Gherkin-Cucumber/BddFrameworkGherkin/FeatureFiles/LoginChrome.feature:13)
]]>
    </failure>
  </testcase> <!-- runScenario -->
</testsuite> <!-- Default test -->
