<?xml version="1.0" encoding="UTF-8"?>
<!-- Generated by org.testng.reporters.JUnitReportReporter -->
<testsuite skipped="0" hostname="LIE-CZ9NTC2" name="TestRunners.LoginRunner" tests="2" failures="1" timestamp="11 May 2021 13:16:56 GMT" time="35.664" errors="0">
  <testcase name="runScenario" time="17.385" classname="TestRunners.LoginRunner"/>
  <testcase name="runScenario" time="18.279" classname="TestRunners.LoginRunner">
    <failure type="java.lang.AssertionError" message="expected [Guru99 Bank Manager HomePage] but found [Guru - test]">
      <![CDATA[java.lang.AssertionError: expected [Guru99 Bank Manager HomePage] but found [Guru - test]
at org.testng.Assert.fail(Assert.java:96)
at org.testng.Assert.failNotEquals(Assert.java:776)
at org.testng.Assert.assertEqualsImpl(Assert.java:137)
at org.testng.Assert.assertEquals(Assert.java:118)
at org.testng.Assert.assertEquals(Assert.java:453)
at org.testng.Assert.assertEquals(Assert.java:463)
at stepDefininitions.LoginSteps.customer_is_re_directed_to_web_with_test(LoginSteps.java:110)
at ✽.Customer is re-directed to web with Guru - test(file:///C:/Users/kgajdosz/Documents/bench%20learning/BDD/Gherkin-Cucumber/BddFrameworkGherkin/FeatureFiles/Login.feature:15)
]]>
    </failure>
  </testcase> <!-- runScenario -->
</testsuite> <!-- TestRunners.LoginRunner -->
