<?xml version="1.0" encoding="UTF-8"?>
<!-- Generated by org.testng.reporters.JUnitReportReporter -->
<testsuite skipped="0" hostname="LIE-CZ9NTC2" name="TestRunners.LoginRunnerTestNG" tests="1" failures="0" timestamp="24 May 2021 14:44:11 GMT" time="15.959" errors="1">
  <testcase name="runScenario" time="15.959" classname="TestRunners.LoginRunnerTestNG">
    <error type="java.lang.NullPointerException">
      <![CDATA[java.lang.NullPointerException
at Utils.ExtentReportListener.testStepHandle(ExtentReportListener.java:56)
at stepDefininitions.LoginSteps.customer_is_on_official_app_web(LoginSteps.java:108)
at ✽.Customer is on official app web(file:///C:/Users/kgajdosz/Documents/bench%20learning/BDD/Gherkin-Cucumber/BddFrameworkGherkin/FeatureFiles/LoginChrome.feature:7)
]]>
    </error>
  </testcase> <!-- runScenario -->
</testsuite> <!-- TestRunners.LoginRunnerTestNG -->
