<?xml version="1.0" encoding="UTF-8"?>
<testng-results skipped="1" failed="0" total="1" passed="0">
  <reporter-output>
  </reporter-output>
  <suite name="Default suite" duration-ms="802" started-at="2021-03-30T18:44:06Z" finished-at="2021-03-30T18:44:07Z">
    <groups>
      <group name="cucumber">
        <method signature="AbstractTestNGCucumberTests.feature(cucumber.api.testng.CucumberFeatureWrapper)[pri:0, instance:TestRunners.LoginRunner2@7085bdee]" name="feature" class="cucumber.api.testng.AbstractTestNGCucumberTests"/>
      </group> <!-- cucumber -->
    </groups>
    <test name="Default test" duration-ms="802" started-at="2021-03-30T18:44:06Z" finished-at="2021-03-30T18:44:07Z">
      <class name="TestRunners.LoginRunner2">
        <test-method status="PASS" signature="setUpClass()[pri:0, instance:TestRunners.LoginRunner2@7085bdee]" name="setUpClass" is-config="true" duration-ms="547" started-at="2021-03-30T19:44:06Z" finished-at="2021-03-30T19:44:07Z">
          <reporter-output>
          </reporter-output>
        </test-method> <!-- setUpClass -->
        <test-method status="SKIP" signature="feature(cucumber.api.testng.CucumberFeatureWrapper)[pri:0, instance:TestRunners.LoginRunner2@7085bdee]" name="feature" duration-ms="0" started-at="2021-03-30T19:44:07Z" description="Runs Cucumber Feature" data-provider="features" finished-at="2021-03-30T19:44:07Z">
          <exception class="java.lang.RuntimeException">
            <message>
              <![CDATA[cucumber.runtime.CucumberException: Error parsing feature file Login2.feature]]>
            </message>
            <full-stacktrace>
              <![CDATA[java.lang.RuntimeException: cucumber.runtime.CucumberException: Error parsing feature file Login2.feature
	at org.testng.internal.MethodInvocationHelper.invokeDataProvider(MethodInvocationHelper.java:162)
	at org.testng.internal.Parameters.handleParameters(Parameters.java:441)
	at org.testng.internal.Invoker.handleParameters(Invoker.java:1300)
	at org.testng.internal.Invoker.createParameters(Invoker.java:1015)
	at org.testng.internal.Invoker.invokeTestMethods(Invoker.java:1104)
	at org.testng.internal.TestMethodWorker.invokeTestMethods(TestMethodWorker.java:125)
	at org.testng.internal.TestMethodWorker.run(TestMethodWorker.java:108)
	at org.testng.TestRunner.privateRun(TestRunner.java:771)
	at org.testng.TestRunner.run(TestRunner.java:621)
	at org.testng.SuiteRunner.runTest(SuiteRunner.java:357)
	at org.testng.SuiteRunner.runSequentially(SuiteRunner.java:352)
	at org.testng.SuiteRunner.privateRun(SuiteRunner.java:310)
	at org.testng.SuiteRunner.run(SuiteRunner.java:259)
	at org.testng.SuiteRunnerWorker.runSuite(SuiteRunnerWorker.java:52)
	at org.testng.SuiteRunnerWorker.run(SuiteRunnerWorker.java:86)
	at org.testng.TestNG.runSuitesSequentially(TestNG.java:1199)
	at org.testng.TestNG.runSuitesLocally(TestNG.java:1124)
	at org.testng.TestNG.run(TestNG.java:1032)
	at org.testng.remote.AbstractRemoteTestNG.run(AbstractRemoteTestNG.java:114)
	at org.testng.remote.RemoteTestNG.initAndRun(RemoteTestNG.java:251)
	at org.testng.remote.RemoteTestNG.main(RemoteTestNG.java:77)
Caused by: cucumber.runtime.CucumberException: Error parsing feature file Login2.feature
	at cucumber.runtime.FeatureBuilder.parse(FeatureBuilder.java:133)
	at cucumber.runtime.model.CucumberFeature.loadFromFeaturePath(CucumberFeature.java:104)
	at cucumber.runtime.model.CucumberFeature.load(CucumberFeature.java:54)
	at cucumber.runtime.model.CucumberFeature.load(CucumberFeature.java:34)
	at cucumber.runtime.RuntimeOptions.cucumberFeatures(RuntimeOptions.java:235)
	at cucumber.api.testng.TestNGCucumberRunner.getFeatures(TestNGCucumberRunner.java:85)
	at cucumber.api.testng.TestNGCucumberRunner.provideFeatures(TestNGCucumberRunner.java:93)
	at cucumber.api.testng.AbstractTestNGCucumberTests.features(AbstractTestNGCucumberTests.java:29)
	at sun.reflect.NativeMethodAccessorImpl.invoke0(Native Method)
	at sun.reflect.NativeMethodAccessorImpl.invoke(Unknown Source)
	at sun.reflect.DelegatingMethodAccessorImpl.invoke(Unknown Source)
	at java.lang.reflect.Method.invoke(Unknown Source)
	at org.testng.internal.MethodInvocationHelper.invokeMethod(MethodInvocationHelper.java:85)
	at org.testng.internal.MethodInvocationHelper.invokeDataProvider(MethodInvocationHelper.java:136)
	... 20 more
Caused by: gherkin.parser.ParseError: Parse error at Login2.feature:22. Found examples when expecting one of: comment, doc_string, row, scenario, scenario_outline, step, tag. (Current getState: step).
	at gherkin.parser.Parser$Machine.event(Parser.java:207)
	at gherkin.parser.Parser.event(Parser.java:159)
	at gherkin.parser.Parser.examples(Parser.java:124)
	at gherkin.lexer.En.scan(En.java:780)
	at gherkin.lexer.I18nLexer.scan(I18nLexer.java:36)
	at gherkin.parser.Parser.parse(Parser.java:62)
	at cucumber.runtime.FeatureBuilder.parse(FeatureBuilder.java:131)
	... 33 more
]]>
            </full-stacktrace>
          </exception> <!-- java.lang.RuntimeException -->
          <reporter-output>
          </reporter-output>
        </test-method> <!-- feature -->
        <test-method status="FAIL" signature="tearDownClass()[pri:0, instance:TestRunners.LoginRunner2@7085bdee]" name="tearDownClass" is-config="true" duration-ms="0" started-at="2021-03-30T19:44:07Z" finished-at="2021-03-30T19:44:07Z">
          <exception class="cucumber.runtime.CucumberException">
            <message>
              <![CDATA[java.io.IOException: Failed to create directory C:\Users\kgajdosz\Documents\bench learning\BDD\Gherkin-Cucumber\BddFrameworkGherkin\target\cucumber-html-report]]>
            </message>
            <full-stacktrace>
              <![CDATA[cucumber.runtime.CucumberException: java.io.IOException: Failed to create directory C:\Users\kgajdosz\Documents\bench learning\BDD\Gherkin-Cucumber\BddFrameworkGherkin\target\cucumber-html-report
	at cucumber.runtime.formatter.HTMLFormatter.reportFileOutputStream(HTMLFormatter.java:231)
	at cucumber.runtime.formatter.HTMLFormatter.jsOut(HTMLFormatter.java:219)
	at cucumber.runtime.formatter.HTMLFormatter.close(HTMLFormatter.java:114)
	at sun.reflect.NativeMethodAccessorImpl.invoke0(Native Method)
	at sun.reflect.NativeMethodAccessorImpl.invoke(Unknown Source)
	at sun.reflect.DelegatingMethodAccessorImpl.invoke(Unknown Source)
	at java.lang.reflect.Method.invoke(Unknown Source)
	at cucumber.runtime.Utils$1.call(Utils.java:37)
	at cucumber.runtime.Timeout.timeout(Timeout.java:13)
	at cucumber.runtime.Utils.invoke(Utils.java:31)
	at cucumber.runtime.RuntimeOptions$1.invoke(RuntimeOptions.java:290)
	at com.sun.proxy.$Proxy9.close(Unknown Source)
	at cucumber.api.testng.TestNGCucumberRunner.finish(TestNGCucumberRunner.java:77)
	at cucumber.api.testng.AbstractTestNGCucumberTests.tearDownClass(AbstractTestNGCucumberTests.java:34)
	at sun.reflect.NativeMethodAccessorImpl.invoke0(Native Method)
	at sun.reflect.NativeMethodAccessorImpl.invoke(Unknown Source)
	at sun.reflect.DelegatingMethodAccessorImpl.invoke(Unknown Source)
	at java.lang.reflect.Method.invoke(Unknown Source)
	at org.testng.internal.MethodInvocationHelper.invokeMethod(MethodInvocationHelper.java:85)
	at org.testng.internal.Invoker.invokeConfigurationMethod(Invoker.java:517)
	at org.testng.internal.Invoker.invokeConfigurations(Invoker.java:213)
	at org.testng.internal.Invoker.invokeConfigurations(Invoker.java:140)
	at org.testng.internal.TestMethodWorker.invokeAfterClassMethods(TestMethodWorker.java:220)
	at org.testng.internal.TestMethodWorker.run(TestMethodWorker.java:111)
	at org.testng.TestRunner.privateRun(TestRunner.java:771)
	at org.testng.TestRunner.run(TestRunner.java:621)
	at org.testng.SuiteRunner.runTest(SuiteRunner.java:357)
	at org.testng.SuiteRunner.runSequentially(SuiteRunner.java:352)
	at org.testng.SuiteRunner.privateRun(SuiteRunner.java:310)
	at org.testng.SuiteRunner.run(SuiteRunner.java:259)
	at org.testng.SuiteRunnerWorker.runSuite(SuiteRunnerWorker.java:52)
	at org.testng.SuiteRunnerWorker.run(SuiteRunnerWorker.java:86)
	at org.testng.TestNG.runSuitesSequentially(TestNG.java:1199)
	at org.testng.TestNG.runSuitesLocally(TestNG.java:1124)
	at org.testng.TestNG.run(TestNG.java:1032)
	at org.testng.remote.AbstractRemoteTestNG.run(AbstractRemoteTestNG.java:114)
	at org.testng.remote.RemoteTestNG.initAndRun(RemoteTestNG.java:251)
	at org.testng.remote.RemoteTestNG.main(RemoteTestNG.java:77)
Caused by: java.io.IOException: Failed to create directory C:\Users\kgajdosz\Documents\bench learning\BDD\Gherkin-Cucumber\BddFrameworkGherkin\target\cucumber-html-report
	at cucumber.runtime.io.URLOutputStream.ensureParentDirExists(URLOutputStream.java:53)
	at cucumber.runtime.io.URLOutputStream.<init>(URLOutputStream.java:33)
	at cucumber.runtime.io.URLOutputStream.<init>(URLOutputStream.java:24)
	at cucumber.runtime.formatter.HTMLFormatter.reportFileOutputStream(HTMLFormatter.java:229)
	... 37 more
]]>
            </full-stacktrace>
          </exception> <!-- cucumber.runtime.CucumberException -->
          <reporter-output>
          </reporter-output>
        </test-method> <!-- tearDownClass -->
      </class> <!-- TestRunners.LoginRunner2 -->
    </test> <!-- Default test -->
  </suite> <!-- Default suite -->
</testng-results>
